<?xml version="1.0" encoding="UTF-8"?>
<testng-results skipped="0" failed="0" total="1" passed="1">
  <reporter-output>
  </reporter-output>
  <suite name="Default suite" duration-ms="94096" started-at="2013-09-18T18:36:30Z" finished-at="2013-09-18T18:38:04Z">
    <groups>
    </groups>
    <test name="Default test" duration-ms="94096" started-at="2013-09-18T18:36:30Z" finished-at="2013-09-18T18:38:04Z">
      <class name="com.google.test.GmailPageTest">
        <test-method status="PASS" signature="setUp()[pri:0, instance:com.google.test.GmailPageTest@11e6e7f]" name="setUp" is-config="true" duration-ms="10401" started-at="2013-09-19T00:06:30Z" finished-at="2013-09-19T00:06:41Z">
          <reporter-output>
          </reporter-output>
        </test-method> <!-- setUp -->
        <test-method status="PASS" signature="invalidLoginTest()[pri:0, instance:com.google.test.GmailPageTest@11e6e7f]" name="invalidLoginTest" duration-ms="83501" started-at="2013-09-19T00:06:41Z" finished-at="2013-09-19T00:08:04Z">
          <reporter-output>
          </reporter-output>
        </test-method> <!-- invalidLoginTest -->
        <test-method status="PASS" signature="stop()[pri:0, instance:com.google.test.GmailPageTest@11e6e7f]" name="stop" is-config="true" duration-ms="183" started-at="2013-09-19T00:08:04Z" finished-at="2013-09-19T00:08:04Z">
          <reporter-output>
          </reporter-output>
        </test-method> <!-- stop -->
      </class> <!-- com.google.test.GmailPageTest -->
    </test> <!-- Default test -->
  </suite> <!-- Default suite -->
</testng-results>
